2022-07-03 08:48:23.148  INFO 2636 --- [main] c.tedu.mallserver.MallserverApplication  : Starting MallserverApplication on LAPTOP-OUK8U1QH with PID 2636 (D:\javaproject\mallserver\target\classes started by Arthur in D:\javaproject\mallserver)
2022-07-03 08:48:23.159 DEBUG 2636 --- [main] c.tedu.mallserver.MallserverApplication  : Running with Spring Boot v2.3.7.RELEASE, Spring v5.2.12.RELEASE
2022-07-03 08:48:23.160  INFO 2636 --- [main] c.tedu.mallserver.MallserverApplication  : No active profile set, falling back to default profiles: default
2022-07-03 08:48:24.288  INFO 2636 --- [main] o.s.b.w.embedded.tomcat.TomcatWebServer  : Tomcat initialized with port(s): 9002 (http)
2022-07-03 08:48:24.300  INFO 2636 --- [main] o.apache.catalina.core.StandardService   : Starting service [Tomcat]
2022-07-03 08:48:24.301  INFO 2636 --- [main] org.apache.catalina.core.StandardEngine  : Starting Servlet engine: [Apache Tomcat/9.0.41]
2022-07-03 08:48:24.385  INFO 2636 --- [main] o.a.c.c.C.[Tomcat].[localhost].[/]       : Initializing Spring embedded WebApplicationContext
2022-07-03 08:48:24.385  INFO 2636 --- [main] w.s.c.ServletWebServerApplicationContext : Root WebApplicationContext: initialization completed in 1166 ms
2022-07-03 08:48:25.019  INFO 2636 --- [main] pertySourcedRequestMappingHandlerMapping : Mapped URL path [/v2/api-docs] onto method [springfox.documentation.swagger2.web.Swagger2ControllerWebMvc#getDocumentation(String, HttpServletRequest)]
2022-07-03 08:48:25.092  INFO 2636 --- [main] o.s.s.concurrent.ThreadPoolTaskExecutor  : Initializing ExecutorService 'applicationTaskExecutor'
2022-07-03 08:48:25.276  INFO 2636 --- [main] o.s.b.w.embedded.tomcat.TomcatWebServer  : Tomcat started on port(s): 9002 (http) with context path ''
2022-07-03 08:48:25.277  INFO 2636 --- [main] d.s.w.p.DocumentationPluginsBootstrapper : Documentation plugins bootstrapped
2022-07-03 08:48:25.280  INFO 2636 --- [main] d.s.w.p.DocumentationPluginsBootstrapper : Found 1 custom documentation plugin(s)
2022-07-03 08:48:25.297  INFO 2636 --- [main] s.d.s.w.s.ApiListingReferenceScanner     : Scanning for api listing references
2022-07-03 08:48:25.417  INFO 2636 --- [main] c.tedu.mallserver.MallserverApplication  : Started MallserverApplication in 2.74 seconds (JVM running for 3.639)
2022-07-03 08:48:34.570  INFO 2636 --- [http-nio-9002-exec-1] o.a.c.c.C.[Tomcat].[localhost].[/]       : Initializing Spring DispatcherServlet 'dispatcherServlet'
2022-07-03 08:48:34.570  INFO 2636 --- [http-nio-9002-exec-1] o.s.web.servlet.DispatcherServlet        : Initializing Servlet 'dispatcherServlet'
2022-07-03 08:48:34.577  INFO 2636 --- [http-nio-9002-exec-1] o.s.web.servlet.DispatcherServlet        : Completed initialization in 6 ms
2022-07-03 08:52:47.954  INFO 2636 --- [http-nio-9002-exec-8] com.zaxxer.hikari.HikariDataSource       : HikariPool-1 - Starting...
2022-07-03 08:52:48.113  INFO 2636 --- [http-nio-9002-exec-8] com.zaxxer.hikari.HikariDataSource       : HikariPool-1 - Start completed.
2022-07-03 08:52:48.122 DEBUG 2636 --- [http-nio-9002-exec-8] c.t.m.mapper.CategoryMapper.selectList   : ==>  Preparing: SELECT id,name FROM category 
2022-07-03 08:52:48.140 DEBUG 2636 --- [http-nio-9002-exec-8] c.t.m.mapper.CategoryMapper.selectList   : ==> Parameters: 
2022-07-03 08:52:48.158 DEBUG 2636 --- [http-nio-9002-exec-8] c.t.m.mapper.CategoryMapper.selectList   : <==      Total: 2
2022-07-03 09:28:11.591  INFO 14120 --- [main] c.tedu.mallserver.MallserverApplication  : Starting MallserverApplication on LAPTOP-OUK8U1QH with PID 14120 (D:\javaproject\mallserver\target\classes started by Arthur in D:\javaproject\mallserver)
2022-07-03 09:28:11.592 DEBUG 14120 --- [main] c.tedu.mallserver.MallserverApplication  : Running with Spring Boot v2.3.7.RELEASE, Spring v5.2.12.RELEASE
2022-07-03 09:28:11.593  INFO 14120 --- [main] c.tedu.mallserver.MallserverApplication  : No active profile set, falling back to default profiles: default
2022-07-03 09:28:12.836  INFO 14120 --- [main] o.s.b.w.embedded.tomcat.TomcatWebServer  : Tomcat initialized with port(s): 9002 (http)
2022-07-03 09:28:12.844  INFO 14120 --- [main] o.apache.catalina.core.StandardService   : Starting service [Tomcat]
2022-07-03 09:28:12.844  INFO 14120 --- [main] org.apache.catalina.core.StandardEngine  : Starting Servlet engine: [Apache Tomcat/9.0.41]
2022-07-03 09:28:12.930  INFO 14120 --- [main] o.a.c.c.C.[Tomcat].[localhost].[/]       : Initializing Spring embedded WebApplicationContext
2022-07-03 09:28:12.930  INFO 14120 --- [main] w.s.c.ServletWebServerApplicationContext : Root WebApplicationContext: initialization completed in 1274 ms
2022-07-03 09:28:13.702  INFO 14120 --- [main] pertySourcedRequestMappingHandlerMapping : Mapped URL path [/v2/api-docs] onto method [springfox.documentation.swagger2.web.Swagger2ControllerWebMvc#getDocumentation(String, HttpServletRequest)]
2022-07-03 09:28:13.783  INFO 14120 --- [main] o.s.s.concurrent.ThreadPoolTaskExecutor  : Initializing ExecutorService 'applicationTaskExecutor'
2022-07-03 09:28:14.029  INFO 14120 --- [main] o.s.b.w.embedded.tomcat.TomcatWebServer  : Tomcat started on port(s): 9002 (http) with context path ''
2022-07-03 09:28:14.030  INFO 14120 --- [main] d.s.w.p.DocumentationPluginsBootstrapper : Documentation plugins bootstrapped
2022-07-03 09:28:14.034  INFO 14120 --- [main] d.s.w.p.DocumentationPluginsBootstrapper : Found 1 custom documentation plugin(s)
2022-07-03 09:28:14.059  INFO 14120 --- [main] s.d.s.w.s.ApiListingReferenceScanner     : Scanning for api listing references
2022-07-03 09:28:14.193  INFO 14120 --- [main] c.tedu.mallserver.MallserverApplication  : Started MallserverApplication in 2.953 seconds (JVM running for 4.765)
2022-07-03 09:28:48.598  INFO 14120 --- [http-nio-9002-exec-4] o.a.c.c.C.[Tomcat].[localhost].[/]       : Initializing Spring DispatcherServlet 'dispatcherServlet'
2022-07-03 09:28:48.598  INFO 14120 --- [http-nio-9002-exec-4] o.s.web.servlet.DispatcherServlet        : Initializing Servlet 'dispatcherServlet'
2022-07-03 09:28:48.604  INFO 14120 --- [http-nio-9002-exec-4] o.s.web.servlet.DispatcherServlet        : Completed initialization in 6 ms
2022-07-03 09:30:25.011  INFO 14120 --- [SpringContextShutdownHook] o.s.s.concurrent.ThreadPoolTaskExecutor  : Shutting down ExecutorService 'applicationTaskExecutor'
2022-07-03 11:06:02.710  INFO 3180 --- [main] c.tedu.mallserver.MallserverApplication  : Starting MallserverApplication on LAPTOP-OUK8U1QH with PID 3180 (D:\javaproject\mallserver\target\classes started by Arthur in D:\javaproject\mallserver)
2022-07-03 11:06:02.712 DEBUG 3180 --- [main] c.tedu.mallserver.MallserverApplication  : Running with Spring Boot v2.3.7.RELEASE, Spring v5.2.12.RELEASE
2022-07-03 11:06:02.713  INFO 3180 --- [main] c.tedu.mallserver.MallserverApplication  : No active profile set, falling back to default profiles: default
2022-07-03 11:06:03.747  INFO 3180 --- [main] o.s.b.w.embedded.tomcat.TomcatWebServer  : Tomcat initialized with port(s): 9002 (http)
2022-07-03 11:06:03.754  INFO 3180 --- [main] o.apache.catalina.core.StandardService   : Starting service [Tomcat]
2022-07-03 11:06:03.755  INFO 3180 --- [main] org.apache.catalina.core.StandardEngine  : Starting Servlet engine: [Apache Tomcat/9.0.41]
2022-07-03 11:06:03.826  INFO 3180 --- [main] o.a.c.c.C.[Tomcat].[localhost].[/]       : Initializing Spring embedded WebApplicationContext
2022-07-03 11:06:03.826  INFO 3180 --- [main] w.s.c.ServletWebServerApplicationContext : Root WebApplicationContext: initialization completed in 1067 ms
2022-07-03 11:06:04.373  INFO 3180 --- [main] pertySourcedRequestMappingHandlerMapping : Mapped URL path [/v2/api-docs] onto method [springfox.documentation.swagger2.web.Swagger2ControllerWebMvc#getDocumentation(String, HttpServletRequest)]
2022-07-03 11:06:04.439  INFO 3180 --- [main] o.s.s.concurrent.ThreadPoolTaskExecutor  : Initializing ExecutorService 'applicationTaskExecutor'
2022-07-03 11:06:04.602  INFO 3180 --- [main] o.s.b.w.embedded.tomcat.TomcatWebServer  : Tomcat started on port(s): 9002 (http) with context path ''
2022-07-03 11:06:04.603  INFO 3180 --- [main] d.s.w.p.DocumentationPluginsBootstrapper : Documentation plugins bootstrapped
2022-07-03 11:06:04.606  INFO 3180 --- [main] d.s.w.p.DocumentationPluginsBootstrapper : Found 1 custom documentation plugin(s)
2022-07-03 11:06:04.622  INFO 3180 --- [main] s.d.s.w.s.ApiListingReferenceScanner     : Scanning for api listing references
2022-07-03 11:06:04.741  INFO 3180 --- [main] c.tedu.mallserver.MallserverApplication  : Started MallserverApplication in 2.369 seconds (JVM running for 2.997)
2022-07-03 11:07:47.864  INFO 9376 --- [main] c.tedu.mallserver.MallserverApplication  : Starting MallserverApplication on LAPTOP-OUK8U1QH with PID 9376 (D:\javaproject\mallserver\target\classes started by Arthur in D:\javaproject\mallserver)
2022-07-03 11:07:47.867 DEBUG 9376 --- [main] c.tedu.mallserver.MallserverApplication  : Running with Spring Boot v2.3.7.RELEASE, Spring v5.2.12.RELEASE
2022-07-03 11:07:47.868  INFO 9376 --- [main] c.tedu.mallserver.MallserverApplication  : No active profile set, falling back to default profiles: default
2022-07-03 11:07:48.987  INFO 9376 --- [main] o.s.b.w.embedded.tomcat.TomcatWebServer  : Tomcat initialized with port(s): 9002 (http)
2022-07-03 11:07:48.996  INFO 9376 --- [main] o.apache.catalina.core.StandardService   : Starting service [Tomcat]
2022-07-03 11:07:48.997  INFO 9376 --- [main] org.apache.catalina.core.StandardEngine  : Starting Servlet engine: [Apache Tomcat/9.0.41]
2022-07-03 11:07:49.072  INFO 9376 --- [main] o.a.c.c.C.[Tomcat].[localhost].[/]       : Initializing Spring embedded WebApplicationContext
2022-07-03 11:07:49.072  INFO 9376 --- [main] w.s.c.ServletWebServerApplicationContext : Root WebApplicationContext: initialization completed in 1146 ms
2022-07-03 11:07:49.712  INFO 9376 --- [main] pertySourcedRequestMappingHandlerMapping : Mapped URL path [/v2/api-docs] onto method [springfox.documentation.swagger2.web.Swagger2ControllerWebMvc#getDocumentation(String, HttpServletRequest)]
2022-07-03 11:07:49.780  INFO 9376 --- [main] o.s.s.concurrent.ThreadPoolTaskExecutor  : Initializing ExecutorService 'applicationTaskExecutor'
2022-07-03 11:07:49.945  INFO 9376 --- [main] o.s.b.w.embedded.tomcat.TomcatWebServer  : Tomcat started on port(s): 9002 (http) with context path ''
2022-07-03 11:07:49.946  INFO 9376 --- [main] d.s.w.p.DocumentationPluginsBootstrapper : Documentation plugins bootstrapped
2022-07-03 11:07:49.949  INFO 9376 --- [main] d.s.w.p.DocumentationPluginsBootstrapper : Found 1 custom documentation plugin(s)
2022-07-03 11:07:49.967  INFO 9376 --- [main] s.d.s.w.s.ApiListingReferenceScanner     : Scanning for api listing references
2022-07-03 11:07:50.091  INFO 9376 --- [main] c.tedu.mallserver.MallserverApplication  : Started MallserverApplication in 2.603 seconds (JVM running for 3.198)
2022-07-03 11:08:23.247  INFO 9376 --- [http-nio-9002-exec-2] o.a.c.c.C.[Tomcat].[localhost].[/]       : Initializing Spring DispatcherServlet 'dispatcherServlet'
2022-07-03 11:08:23.248  INFO 9376 --- [http-nio-9002-exec-2] o.s.web.servlet.DispatcherServlet        : Initializing Servlet 'dispatcherServlet'
2022-07-03 11:08:23.256  INFO 9376 --- [http-nio-9002-exec-2] o.s.web.servlet.DispatcherServlet        : Completed initialization in 8 ms
2022-07-03 11:08:23.325  INFO 9376 --- [http-nio-9002-exec-2] com.zaxxer.hikari.HikariDataSource       : HikariPool-1 - Starting...
2022-07-03 11:08:23.435  INFO 9376 --- [http-nio-9002-exec-2] com.zaxxer.hikari.HikariDataSource       : HikariPool-1 - Start completed.
2022-07-03 11:08:23.441 DEBUG 9376 --- [http-nio-9002-exec-2] c.t.m.mapper.ItemMapper.selectList       : ==>  Preparing: SELECT id,category_id,name,price,image,item_desc FROM item WHERE (category_id = ?) 
2022-07-03 11:08:23.461 DEBUG 9376 --- [http-nio-9002-exec-2] c.t.m.mapper.ItemMapper.selectList       : ==> Parameters: null
2022-07-03 11:08:23.477 DEBUG 9376 --- [http-nio-9002-exec-2] c.t.m.mapper.ItemMapper.selectList       : <==      Total: 0
2022-07-03 11:08:57.142  INFO 9376 --- [http-nio-9002-exec-3] org.apache.tomcat.util.http.Parameters   : Invalid chunk starting at byte [0] and ending at byte [13] with a value of [=categoryId=2] ignored
 Note: further occurrences of Parameter errors will be logged at DEBUG level.
2022-07-03 11:08:57.144 DEBUG 9376 --- [http-nio-9002-exec-3] c.t.m.mapper.ItemMapper.selectList       : ==>  Preparing: SELECT id,category_id,name,price,image,item_desc FROM item WHERE (category_id = ?) 
2022-07-03 11:08:57.145 DEBUG 9376 --- [http-nio-9002-exec-3] c.t.m.mapper.ItemMapper.selectList       : ==> Parameters: null
2022-07-03 11:08:57.146 DEBUG 9376 --- [http-nio-9002-exec-3] c.t.m.mapper.ItemMapper.selectList       : <==      Total: 0
2022-07-03 11:09:16.966 DEBUG 9376 --- [http-nio-9002-exec-4] c.t.m.mapper.ItemMapper.selectList       : ==>  Preparing: SELECT id,category_id,name,price,image,item_desc FROM item WHERE (category_id = ?) 
2022-07-03 11:09:16.967 DEBUG 9376 --- [http-nio-9002-exec-4] c.t.m.mapper.ItemMapper.selectList       : ==> Parameters: 2(Integer)
2022-07-03 11:09:16.970 DEBUG 9376 --- [http-nio-9002-exec-4] c.t.m.mapper.ItemMapper.selectList       : <==      Total: 2
2022-07-03 14:50:47.466  INFO 19316 --- [main] c.tedu.mallserver.MallserverApplication  : Starting MallserverApplication on LAPTOP-OUK8U1QH with PID 19316 (D:\javaproject\mallserver\target\classes started by Arthur in D:\javaproject\mallserver)
2022-07-03 14:50:47.468 DEBUG 19316 --- [main] c.tedu.mallserver.MallserverApplication  : Running with Spring Boot v2.3.7.RELEASE, Spring v5.2.12.RELEASE
2022-07-03 14:50:47.468  INFO 19316 --- [main] c.tedu.mallserver.MallserverApplication  : No active profile set, falling back to default profiles: default
2022-07-03 14:50:48.474  INFO 19316 --- [main] o.s.b.w.embedded.tomcat.TomcatWebServer  : Tomcat initialized with port(s): 9002 (http)
2022-07-03 14:50:48.480  INFO 19316 --- [main] o.apache.catalina.core.StandardService   : Starting service [Tomcat]
2022-07-03 14:50:48.480  INFO 19316 --- [main] org.apache.catalina.core.StandardEngine  : Starting Servlet engine: [Apache Tomcat/9.0.41]
2022-07-03 14:50:48.546  INFO 19316 --- [main] o.a.c.c.C.[Tomcat].[localhost].[/]       : Initializing Spring embedded WebApplicationContext
2022-07-03 14:50:48.546  INFO 19316 --- [main] w.s.c.ServletWebServerApplicationContext : Root WebApplicationContext: initialization completed in 1028 ms
2022-07-03 14:50:49.119  INFO 19316 --- [main] pertySourcedRequestMappingHandlerMapping : Mapped URL path [/v2/api-docs] onto method [springfox.documentation.swagger2.web.Swagger2ControllerWebMvc#getDocumentation(String, HttpServletRequest)]
2022-07-03 14:50:49.180  INFO 19316 --- [main] o.s.s.concurrent.ThreadPoolTaskExecutor  : Initializing ExecutorService 'applicationTaskExecutor'
2022-07-03 14:50:49.339  INFO 19316 --- [main] o.s.b.w.embedded.tomcat.TomcatWebServer  : Tomcat started on port(s): 9002 (http) with context path ''
2022-07-03 14:50:49.341  INFO 19316 --- [main] d.s.w.p.DocumentationPluginsBootstrapper : Documentation plugins bootstrapped
2022-07-03 14:50:49.345  INFO 19316 --- [main] d.s.w.p.DocumentationPluginsBootstrapper : Found 1 custom documentation plugin(s)
2022-07-03 14:50:49.362  INFO 19316 --- [main] s.d.s.w.s.ApiListingReferenceScanner     : Scanning for api listing references
2022-07-03 14:50:49.476  INFO 19316 --- [main] c.tedu.mallserver.MallserverApplication  : Started MallserverApplication in 2.339 seconds (JVM running for 2.924)
2022-07-03 14:51:13.874  INFO 19316 --- [http-nio-9002-exec-1] o.a.c.c.C.[Tomcat].[localhost].[/]       : Initializing Spring DispatcherServlet 'dispatcherServlet'
2022-07-03 14:51:13.875  INFO 19316 --- [http-nio-9002-exec-1] o.s.web.servlet.DispatcherServlet        : Initializing Servlet 'dispatcherServlet'
2022-07-03 14:51:13.879  INFO 19316 --- [http-nio-9002-exec-1] o.s.web.servlet.DispatcherServlet        : Completed initialization in 4 ms
2022-07-03 14:51:39.053  INFO 15964 --- [main] c.tedu.mallserver.MallserverApplication  : Starting MallserverApplication on LAPTOP-OUK8U1QH with PID 15964 (D:\javaproject\mallserver\target\classes started by Arthur in D:\javaproject\mallserver)
2022-07-03 14:51:39.057 DEBUG 15964 --- [main] c.tedu.mallserver.MallserverApplication  : Running with Spring Boot v2.3.7.RELEASE, Spring v5.2.12.RELEASE
2022-07-03 14:51:39.057  INFO 15964 --- [main] c.tedu.mallserver.MallserverApplication  : No active profile set, falling back to default profiles: default
2022-07-03 14:51:40.206  INFO 15964 --- [main] o.s.b.w.embedded.tomcat.TomcatWebServer  : Tomcat initialized with port(s): 9002 (http)
2022-07-03 14:51:40.215  INFO 15964 --- [main] o.apache.catalina.core.StandardService   : Starting service [Tomcat]
2022-07-03 14:51:40.216  INFO 15964 --- [main] org.apache.catalina.core.StandardEngine  : Starting Servlet engine: [Apache Tomcat/9.0.41]
2022-07-03 14:51:40.296  INFO 15964 --- [main] o.a.c.c.C.[Tomcat].[localhost].[/]       : Initializing Spring embedded WebApplicationContext
2022-07-03 14:51:40.296  INFO 15964 --- [main] w.s.c.ServletWebServerApplicationContext : Root WebApplicationContext: initialization completed in 1175 ms
2022-07-03 14:51:41.011  INFO 15964 --- [main] pertySourcedRequestMappingHandlerMapping : Mapped URL path [/v2/api-docs] onto method [springfox.documentation.swagger2.web.Swagger2ControllerWebMvc#getDocumentation(String, HttpServletRequest)]
2022-07-03 14:51:41.084  INFO 15964 --- [main] o.s.s.concurrent.ThreadPoolTaskExecutor  : Initializing ExecutorService 'applicationTaskExecutor'
2022-07-03 14:51:41.278  INFO 15964 --- [main] o.s.b.w.embedded.tomcat.TomcatWebServer  : Tomcat started on port(s): 9002 (http) with context path ''
2022-07-03 14:51:41.280  INFO 15964 --- [main] d.s.w.p.DocumentationPluginsBootstrapper : Documentation plugins bootstrapped
2022-07-03 14:51:41.284  INFO 15964 --- [main] d.s.w.p.DocumentationPluginsBootstrapper : Found 1 custom documentation plugin(s)
2022-07-03 14:51:41.311  INFO 15964 --- [main] s.d.s.w.s.ApiListingReferenceScanner     : Scanning for api listing references
2022-07-03 14:51:41.390  INFO 15964 --- [http-nio-9002-exec-1] o.a.c.c.C.[Tomcat].[localhost].[/]       : Initializing Spring DispatcherServlet 'dispatcherServlet'
2022-07-03 14:51:41.390  INFO 15964 --- [http-nio-9002-exec-1] o.s.web.servlet.DispatcherServlet        : Initializing Servlet 'dispatcherServlet'
2022-07-03 14:51:41.400  INFO 15964 --- [http-nio-9002-exec-1] o.s.web.servlet.DispatcherServlet        : Completed initialization in 10 ms
2022-07-03 14:51:41.495  INFO 15964 --- [main] c.tedu.mallserver.MallserverApplication  : Started MallserverApplication in 2.813 seconds (JVM running for 3.763)
2022-07-03 14:51:57.454  INFO 15964 --- [http-nio-9002-exec-3] com.zaxxer.hikari.HikariDataSource       : HikariPool-1 - Starting...
2022-07-03 14:51:57.592  INFO 15964 --- [http-nio-9002-exec-3] com.zaxxer.hikari.HikariDataSource       : HikariPool-1 - Start completed.
2022-07-03 14:51:57.597 DEBUG 15964 --- [http-nio-9002-exec-3] c.t.m.mapper.ItemMapper.selectOne        : ==>  Preparing: SELECT id,category_id,name,price,image,item_desc FROM item WHERE (id = ?) 
2022-07-03 14:51:57.614 DEBUG 15964 --- [http-nio-9002-exec-3] c.t.m.mapper.ItemMapper.selectOne        : ==> Parameters: 2(Integer)
2022-07-03 14:51:57.633 DEBUG 15964 --- [http-nio-9002-exec-3] c.t.m.mapper.ItemMapper.selectOne        : <==      Total: 1
2022-07-03 15:05:56.726  INFO 15964 --- [SpringContextShutdownHook] o.s.s.concurrent.ThreadPoolTaskExecutor  : Shutting down ExecutorService 'applicationTaskExecutor'
2022-07-03 15:05:56.728  INFO 15964 --- [SpringContextShutdownHook] com.zaxxer.hikari.HikariDataSource       : HikariPool-1 - Shutdown initiated...
2022-07-03 15:05:56.733  INFO 15964 --- [SpringContextShutdownHook] com.zaxxer.hikari.HikariDataSource       : HikariPool-1 - Shutdown completed.
2022-07-03 15:30:43.598  INFO 4192 --- [main] c.tedu.mallserver.MallserverApplication  : Starting MallserverApplication on LAPTOP-OUK8U1QH with PID 4192 (D:\javaproject\test2\target\classes started by Arthur in D:\javaproject\test2)
2022-07-03 15:30:43.601 DEBUG 4192 --- [main] c.tedu.mallserver.MallserverApplication  : Running with Spring Boot v2.3.7.RELEASE, Spring v5.2.12.RELEASE
2022-07-03 15:30:43.602  INFO 4192 --- [main] c.tedu.mallserver.MallserverApplication  : No active profile set, falling back to default profiles: default
2022-07-03 15:30:44.648  INFO 4192 --- [main] o.s.b.w.embedded.tomcat.TomcatWebServer  : Tomcat initialized with port(s): 9002 (http)
2022-07-03 15:30:44.654  INFO 4192 --- [main] o.apache.catalina.core.StandardService   : Starting service [Tomcat]
2022-07-03 15:30:44.655  INFO 4192 --- [main] org.apache.catalina.core.StandardEngine  : Starting Servlet engine: [Apache Tomcat/9.0.41]
2022-07-03 15:30:44.728  INFO 4192 --- [main] o.a.c.c.C.[Tomcat].[localhost].[/]       : Initializing Spring embedded WebApplicationContext
2022-07-03 15:30:44.728  INFO 4192 --- [main] w.s.c.ServletWebServerApplicationContext : Root WebApplicationContext: initialization completed in 1058 ms
2022-07-03 15:30:45.246  INFO 4192 --- [main] pertySourcedRequestMappingHandlerMapping : Mapped URL path [/v2/api-docs] onto method [springfox.documentation.swagger2.web.Swagger2ControllerWebMvc#getDocumentation(String, HttpServletRequest)]
2022-07-03 15:30:45.306  INFO 4192 --- [main] o.s.s.concurrent.ThreadPoolTaskExecutor  : Initializing ExecutorService 'applicationTaskExecutor'
2022-07-03 15:30:45.444  INFO 4192 --- [main] o.s.b.w.embedded.tomcat.TomcatWebServer  : Tomcat started on port(s): 9002 (http) with context path ''
2022-07-03 15:30:45.445  INFO 4192 --- [main] d.s.w.p.DocumentationPluginsBootstrapper : Documentation plugins bootstrapped
2022-07-03 15:30:45.447  INFO 4192 --- [main] d.s.w.p.DocumentationPluginsBootstrapper : Found 1 custom documentation plugin(s)
2022-07-03 15:30:45.464  INFO 4192 --- [main] s.d.s.w.s.ApiListingReferenceScanner     : Scanning for api listing references
2022-07-03 15:30:45.573  INFO 4192 --- [main] c.tedu.mallserver.MallserverApplication  : Started MallserverApplication in 2.502 seconds (JVM running for 3.185)
2022-07-03 16:03:16.259  INFO 20956 --- [main] c.tedu.mallserver.MallserverApplication  : Starting MallserverApplication on LAPTOP-OUK8U1QH with PID 20956 (D:\javaproject\test2\target\classes started by Arthur in D:\javaproject\test2)
2022-07-03 16:03:16.261 DEBUG 20956 --- [main] c.tedu.mallserver.MallserverApplication  : Running with Spring Boot v2.3.7.RELEASE, Spring v5.2.12.RELEASE
2022-07-03 16:03:16.262  INFO 20956 --- [main] c.tedu.mallserver.MallserverApplication  : No active profile set, falling back to default profiles: default
2022-07-03 16:03:17.428  INFO 20956 --- [main] o.s.b.w.embedded.tomcat.TomcatWebServer  : Tomcat initialized with port(s): 9002 (http)
2022-07-03 16:03:17.436  INFO 20956 --- [main] o.apache.catalina.core.StandardService   : Starting service [Tomcat]
2022-07-03 16:03:17.436  INFO 20956 --- [main] org.apache.catalina.core.StandardEngine  : Starting Servlet engine: [Apache Tomcat/9.0.41]
2022-07-03 16:03:17.513  INFO 20956 --- [main] o.a.c.c.C.[Tomcat].[localhost].[/]       : Initializing Spring embedded WebApplicationContext
2022-07-03 16:03:17.513  INFO 20956 --- [main] w.s.c.ServletWebServerApplicationContext : Root WebApplicationContext: initialization completed in 1206 ms
2022-07-03 16:03:18.170  INFO 20956 --- [main] pertySourcedRequestMappingHandlerMapping : Mapped URL path [/v2/api-docs] onto method [springfox.documentation.swagger2.web.Swagger2ControllerWebMvc#getDocumentation(String, HttpServletRequest)]
2022-07-03 16:03:18.238  INFO 20956 --- [main] o.s.s.concurrent.ThreadPoolTaskExecutor  : Initializing ExecutorService 'applicationTaskExecutor'
2022-07-03 16:03:18.404  INFO 20956 --- [main] o.s.b.w.embedded.tomcat.TomcatWebServer  : Tomcat started on port(s): 9002 (http) with context path ''
2022-07-03 16:03:18.405  INFO 20956 --- [main] d.s.w.p.DocumentationPluginsBootstrapper : Documentation plugins bootstrapped
2022-07-03 16:03:18.409  INFO 20956 --- [main] d.s.w.p.DocumentationPluginsBootstrapper : Found 1 custom documentation plugin(s)
2022-07-03 16:03:18.430  INFO 20956 --- [main] s.d.s.w.s.ApiListingReferenceScanner     : Scanning for api listing references
2022-07-03 16:03:18.581  INFO 20956 --- [main] c.tedu.mallserver.MallserverApplication  : Started MallserverApplication in 2.654 seconds (JVM running for 4.206)
2022-07-03 16:03:36.939  INFO 20956 --- [http-nio-9002-exec-1] o.a.c.c.C.[Tomcat].[localhost].[/]       : Initializing Spring DispatcherServlet 'dispatcherServlet'
2022-07-03 16:03:36.939  INFO 20956 --- [http-nio-9002-exec-1] o.s.web.servlet.DispatcherServlet        : Initializing Servlet 'dispatcherServlet'
2022-07-03 16:03:36.946  INFO 20956 --- [http-nio-9002-exec-1] o.s.web.servlet.DispatcherServlet        : Completed initialization in 5 ms
2022-07-03 16:04:03.392  INFO 20956 --- [http-nio-9002-exec-2] com.zaxxer.hikari.HikariDataSource       : HikariPool-1 - Starting...
2022-07-03 16:04:03.549  INFO 20956 --- [http-nio-9002-exec-2] com.zaxxer.hikari.HikariDataSource       : HikariPool-1 - Start completed.
2022-07-03 16:04:03.558 DEBUG 20956 --- [http-nio-9002-exec-2] c.t.m.mapper.UserMapper.selectOne        : ==>  Preparing: SELECT id,name,password,city,create_time FROM user WHERE (name = ? AND password = ?) 
2022-07-03 16:04:03.577 DEBUG 20956 --- [http-nio-9002-exec-2] c.t.m.mapper.UserMapper.selectOne        : ==> Parameters: 1(String), 1(String)
2022-07-03 16:04:03.598 DEBUG 20956 --- [http-nio-9002-exec-2] c.t.m.mapper.UserMapper.selectOne        : <==      Total: 1
2022-07-03 16:04:16.354 DEBUG 20956 --- [http-nio-9002-exec-6] c.t.m.mapper.UserMapper.selectOne        : ==>  Preparing: SELECT id,name,password,city,create_time FROM user WHERE (name = ? AND password = ?) 
2022-07-03 16:04:16.355 DEBUG 20956 --- [http-nio-9002-exec-6] c.t.m.mapper.UserMapper.selectOne        : ==> Parameters: a(String), a(String)
2022-07-03 16:04:16.356 DEBUG 20956 --- [http-nio-9002-exec-6] c.t.m.mapper.UserMapper.selectOne        : <==      Total: 1
2022-07-03 16:04:59.794  INFO 20956 --- [SpringContextShutdownHook] o.s.s.concurrent.ThreadPoolTaskExecutor  : Shutting down ExecutorService 'applicationTaskExecutor'
2022-07-03 16:04:59.796  INFO 20956 --- [SpringContextShutdownHook] com.zaxxer.hikari.HikariDataSource       : HikariPool-1 - Shutdown initiated...
2022-07-03 16:04:59.802  INFO 20956 --- [SpringContextShutdownHook] com.zaxxer.hikari.HikariDataSource       : HikariPool-1 - Shutdown completed.
2022-07-03 16:05:03.437  INFO 10084 --- [main] c.tedu.mallserver.MallserverApplication  : Starting MallserverApplication on LAPTOP-OUK8U1QH with PID 10084 (D:\javaproject\test2\target\classes started by Arthur in D:\javaproject\test2)
2022-07-03 16:05:03.439 DEBUG 10084 --- [main] c.tedu.mallserver.MallserverApplication  : Running with Spring Boot v2.3.7.RELEASE, Spring v5.2.12.RELEASE
2022-07-03 16:05:03.440  INFO 10084 --- [main] c.tedu.mallserver.MallserverApplication  : No active profile set, falling back to default profiles: default
2022-07-03 16:05:04.553  INFO 10084 --- [main] o.s.b.w.embedded.tomcat.TomcatWebServer  : Tomcat initialized with port(s): 9002 (http)
2022-07-03 16:05:04.561  INFO 10084 --- [main] o.apache.catalina.core.StandardService   : Starting service [Tomcat]
2022-07-03 16:05:04.561  INFO 10084 --- [main] org.apache.catalina.core.StandardEngine  : Starting Servlet engine: [Apache Tomcat/9.0.41]
2022-07-03 16:05:04.638  INFO 10084 --- [main] o.a.c.c.C.[Tomcat].[localhost].[/]       : Initializing Spring embedded WebApplicationContext
2022-07-03 16:05:04.638  INFO 10084 --- [main] w.s.c.ServletWebServerApplicationContext : Root WebApplicationContext: initialization completed in 1152 ms
2022-07-03 16:05:05.313  INFO 10084 --- [main] pertySourcedRequestMappingHandlerMapping : Mapped URL path [/v2/api-docs] onto method [springfox.documentation.swagger2.web.Swagger2ControllerWebMvc#getDocumentation(String, HttpServletRequest)]
2022-07-03 16:05:05.381  INFO 10084 --- [main] o.s.s.concurrent.ThreadPoolTaskExecutor  : Initializing ExecutorService 'applicationTaskExecutor'
2022-07-03 16:05:05.551  INFO 10084 --- [main] o.s.b.w.embedded.tomcat.TomcatWebServer  : Tomcat started on port(s): 9002 (http) with context path ''
2022-07-03 16:05:05.552  INFO 10084 --- [main] d.s.w.p.DocumentationPluginsBootstrapper : Documentation plugins bootstrapped
2022-07-03 16:05:05.556  INFO 10084 --- [main] d.s.w.p.DocumentationPluginsBootstrapper : Found 1 custom documentation plugin(s)
2022-07-03 16:05:05.576  INFO 10084 --- [main] s.d.s.w.s.ApiListingReferenceScanner     : Scanning for api listing references
2022-07-03 16:05:05.723  INFO 10084 --- [main] c.tedu.mallserver.MallserverApplication  : Started MallserverApplication in 2.687 seconds (JVM running for 3.514)
2022-07-03 16:05:13.759  INFO 10084 --- [http-nio-9002-exec-1] o.a.c.c.C.[Tomcat].[localhost].[/]       : Initializing Spring DispatcherServlet 'dispatcherServlet'
2022-07-03 16:05:13.760  INFO 10084 --- [http-nio-9002-exec-1] o.s.web.servlet.DispatcherServlet        : Initializing Servlet 'dispatcherServlet'
2022-07-03 16:05:13.775  INFO 10084 --- [http-nio-9002-exec-1] o.s.web.servlet.DispatcherServlet        : Completed initialization in 15 ms
2022-07-03 16:05:37.274  INFO 10084 --- [http-nio-9002-exec-5] com.zaxxer.hikari.HikariDataSource       : HikariPool-1 - Starting...
2022-07-03 16:05:37.921  INFO 10084 --- [http-nio-9002-exec-5] com.zaxxer.hikari.HikariDataSource       : HikariPool-1 - Start completed.
2022-07-03 16:05:37.976 DEBUG 10084 --- [http-nio-9002-exec-5] c.t.m.mapper.UserMapper.selectOne        : ==>  Preparing: SELECT id,name,password,city,create_time FROM user WHERE (name = ? AND password = ?) 
2022-07-03 16:05:38.170 DEBUG 10084 --- [http-nio-9002-exec-5] c.t.m.mapper.UserMapper.selectOne        : ==> Parameters: a(String), a(String)
2022-07-03 16:05:38.337 DEBUG 10084 --- [http-nio-9002-exec-5] c.t.m.mapper.UserMapper.selectOne        : <==      Total: 1
2022-07-03 16:06:08.834  INFO 10084 --- [SpringContextShutdownHook] o.s.s.concurrent.ThreadPoolTaskExecutor  : Shutting down ExecutorService 'applicationTaskExecutor'
2022-07-03 16:06:08.836  INFO 10084 --- [SpringContextShutdownHook] com.zaxxer.hikari.HikariDataSource       : HikariPool-1 - Shutdown initiated...
2022-07-03 16:06:08.842  INFO 10084 --- [SpringContextShutdownHook] com.zaxxer.hikari.HikariDataSource       : HikariPool-1 - Shutdown completed.
2022-07-03 16:11:57.059  INFO 12716 --- [main] c.tedu.mallserver.MallserverApplication  : Starting MallserverApplication on LAPTOP-OUK8U1QH with PID 12716 (D:\javaproject\test2\target\classes started by Arthur in D:\javaproject\test2)
2022-07-03 16:11:57.061 DEBUG 12716 --- [main] c.tedu.mallserver.MallserverApplication  : Running with Spring Boot v2.3.7.RELEASE, Spring v5.2.12.RELEASE
2022-07-03 16:11:57.062  INFO 12716 --- [main] c.tedu.mallserver.MallserverApplication  : No active profile set, falling back to default profiles: default
2022-07-03 16:11:58.074  INFO 12716 --- [main] o.s.b.w.embedded.tomcat.TomcatWebServer  : Tomcat initialized with port(s): 9002 (http)
2022-07-03 16:11:58.081  INFO 12716 --- [main] o.apache.catalina.core.StandardService   : Starting service [Tomcat]
2022-07-03 16:11:58.082  INFO 12716 --- [main] org.apache.catalina.core.StandardEngine  : Starting Servlet engine: [Apache Tomcat/9.0.41]
2022-07-03 16:11:58.153  INFO 12716 --- [main] o.a.c.c.C.[Tomcat].[localhost].[/]       : Initializing Spring embedded WebApplicationContext
2022-07-03 16:11:58.153  INFO 12716 --- [main] w.s.c.ServletWebServerApplicationContext : Root WebApplicationContext: initialization completed in 1039 ms
2022-07-03 16:11:58.795  INFO 12716 --- [main] pertySourcedRequestMappingHandlerMapping : Mapped URL path [/v2/api-docs] onto method [springfox.documentation.swagger2.web.Swagger2ControllerWebMvc#getDocumentation(String, HttpServletRequest)]
2022-07-03 16:11:58.865  INFO 12716 --- [main] o.s.s.concurrent.ThreadPoolTaskExecutor  : Initializing ExecutorService 'applicationTaskExecutor'
2022-07-03 16:11:59.043  INFO 12716 --- [main] o.s.b.w.embedded.tomcat.TomcatWebServer  : Tomcat started on port(s): 9002 (http) with context path ''
2022-07-03 16:11:59.044  INFO 12716 --- [main] d.s.w.p.DocumentationPluginsBootstrapper : Documentation plugins bootstrapped
2022-07-03 16:11:59.047  INFO 12716 --- [main] d.s.w.p.DocumentationPluginsBootstrapper : Found 1 custom documentation plugin(s)
2022-07-03 16:11:59.067  INFO 12716 --- [main] s.d.s.w.s.ApiListingReferenceScanner     : Scanning for api listing references
2022-07-03 16:11:59.210  INFO 12716 --- [main] c.tedu.mallserver.MallserverApplication  : Started MallserverApplication in 2.495 seconds (JVM running for 3.211)
2022-07-03 16:12:04.258  INFO 12716 --- [http-nio-9002-exec-1] o.a.c.c.C.[Tomcat].[localhost].[/]       : Initializing Spring DispatcherServlet 'dispatcherServlet'
2022-07-03 16:12:04.259  INFO 12716 --- [http-nio-9002-exec-1] o.s.web.servlet.DispatcherServlet        : Initializing Servlet 'dispatcherServlet'
2022-07-03 16:12:04.265  INFO 12716 --- [http-nio-9002-exec-1] o.s.web.servlet.DispatcherServlet        : Completed initialization in 6 ms
2022-07-03 16:12:30.759  INFO 12716 --- [http-nio-9002-exec-5] com.zaxxer.hikari.HikariDataSource       : HikariPool-1 - Starting...
2022-07-03 16:12:31.410  INFO 12716 --- [http-nio-9002-exec-5] com.zaxxer.hikari.HikariDataSource       : HikariPool-1 - Start completed.
2022-07-03 16:12:31.467 DEBUG 12716 --- [http-nio-9002-exec-5] c.t.m.mapper.UserMapper.selectOne        : ==>  Preparing: SELECT id,name,password,city,create_time FROM user WHERE (name = ? AND password = ?) 
2022-07-03 16:12:31.658 DEBUG 12716 --- [http-nio-9002-exec-5] c.t.m.mapper.UserMapper.selectOne        : ==> Parameters: a(String), a(String)
2022-07-03 16:12:31.825 DEBUG 12716 --- [http-nio-9002-exec-5] c.t.m.mapper.UserMapper.selectOne        : <==      Total: 1
2022-07-03 16:42:03.241  INFO 12716 --- [SpringContextShutdownHook] o.s.s.concurrent.ThreadPoolTaskExecutor  : Shutting down ExecutorService 'applicationTaskExecutor'
2022-07-03 16:42:03.243  INFO 12716 --- [SpringContextShutdownHook] com.zaxxer.hikari.HikariDataSource       : HikariPool-1 - Shutdown initiated...
2022-07-03 16:42:03.245  INFO 12716 --- [SpringContextShutdownHook] com.zaxxer.hikari.HikariDataSource       : HikariPool-1 - Shutdown completed.
2022-07-03 17:03:56.603  INFO 4860 --- [main] c.tedu.mallserver.MallserverApplication  : Starting MallserverApplication on LAPTOP-OUK8U1QH with PID 4860 (D:\javaproject\test2\target\classes started by Arthur in D:\javaproject\test2)
2022-07-03 17:03:56.606 DEBUG 4860 --- [main] c.tedu.mallserver.MallserverApplication  : Running with Spring Boot v2.3.7.RELEASE, Spring v5.2.12.RELEASE
2022-07-03 17:03:56.607  INFO 4860 --- [main] c.tedu.mallserver.MallserverApplication  : No active profile set, falling back to default profiles: default
2022-07-03 17:03:57.728  INFO 4860 --- [main] o.s.b.w.embedded.tomcat.TomcatWebServer  : Tomcat initialized with port(s): 9002 (http)
2022-07-03 17:03:57.735  INFO 4860 --- [main] o.apache.catalina.core.StandardService   : Starting service [Tomcat]
2022-07-03 17:03:57.735  INFO 4860 --- [main] org.apache.catalina.core.StandardEngine  : Starting Servlet engine: [Apache Tomcat/9.0.41]
2022-07-03 17:03:57.811  INFO 4860 --- [main] o.a.c.c.C.[Tomcat].[localhost].[/]       : Initializing Spring embedded WebApplicationContext
2022-07-03 17:03:57.811  INFO 4860 --- [main] w.s.c.ServletWebServerApplicationContext : Root WebApplicationContext: initialization completed in 1147 ms
2022-07-03 17:03:58.417  INFO 4860 --- [main] pertySourcedRequestMappingHandlerMapping : Mapped URL path [/v2/api-docs] onto method [springfox.documentation.swagger2.web.Swagger2ControllerWebMvc#getDocumentation(String, HttpServletRequest)]
2022-07-03 17:03:58.475  INFO 4860 --- [main] o.s.s.concurrent.ThreadPoolTaskExecutor  : Initializing ExecutorService 'applicationTaskExecutor'
2022-07-03 17:03:58.643  INFO 4860 --- [main] o.s.b.w.embedded.tomcat.TomcatWebServer  : Tomcat started on port(s): 9002 (http) with context path ''
2022-07-03 17:03:58.645  INFO 4860 --- [main] d.s.w.p.DocumentationPluginsBootstrapper : Documentation plugins bootstrapped
2022-07-03 17:03:58.649  INFO 4860 --- [main] d.s.w.p.DocumentationPluginsBootstrapper : Found 1 custom documentation plugin(s)
2022-07-03 17:03:58.672  INFO 4860 --- [main] s.d.s.w.s.ApiListingReferenceScanner     : Scanning for api listing references
2022-07-03 17:03:58.846  INFO 4860 --- [main] c.tedu.mallserver.MallserverApplication  : Started MallserverApplication in 2.661 seconds (JVM running for 3.426)
2022-07-03 17:04:00.633  INFO 4860 --- [http-nio-9002-exec-1] o.a.c.c.C.[Tomcat].[localhost].[/]       : Initializing Spring DispatcherServlet 'dispatcherServlet'
2022-07-03 17:04:00.633  INFO 4860 --- [http-nio-9002-exec-1] o.s.web.servlet.DispatcherServlet        : Initializing Servlet 'dispatcherServlet'
2022-07-03 17:04:00.638  INFO 4860 --- [http-nio-9002-exec-1] o.s.web.servlet.DispatcherServlet        : Completed initialization in 4 ms
2022-07-03 17:06:58.879  INFO 4860 --- [http-nio-9002-exec-10] com.zaxxer.hikari.HikariDataSource       : HikariPool-1 - Starting...
2022-07-03 17:06:59.030  INFO 4860 --- [http-nio-9002-exec-10] com.zaxxer.hikari.HikariDataSource       : HikariPool-1 - Start completed.
2022-07-03 17:06:59.039 DEBUG 4860 --- [http-nio-9002-exec-10] c.t.m.mapper.UserMapper.selectOne        : ==>  Preparing: SELECT id,name,password,city,create_time FROM user WHERE (id = ?) 
2022-07-03 17:06:59.059 DEBUG 4860 --- [http-nio-9002-exec-10] c.t.m.mapper.UserMapper.selectOne        : ==> Parameters: 1(Integer)
2022-07-03 17:06:59.083 DEBUG 4860 --- [http-nio-9002-exec-10] c.t.m.mapper.UserMapper.selectOne        : <==      Total: 1
2022-07-03 17:40:57.541  INFO 4860 --- [SpringContextShutdownHook] o.s.s.concurrent.ThreadPoolTaskExecutor  : Shutting down ExecutorService 'applicationTaskExecutor'
2022-07-03 17:40:57.543  INFO 4860 --- [SpringContextShutdownHook] com.zaxxer.hikari.HikariDataSource       : HikariPool-1 - Shutdown initiated...
2022-07-03 17:40:57.546  INFO 4860 --- [SpringContextShutdownHook] com.zaxxer.hikari.HikariDataSource       : HikariPool-1 - Shutdown completed.
2022-07-03 17:41:01.507  INFO 15068 --- [main] c.tedu.mallserver.MallserverApplication  : Starting MallserverApplication on LAPTOP-OUK8U1QH with PID 15068 (D:\javaproject\test2\target\classes started by Arthur in D:\javaproject\test2)
2022-07-03 17:41:01.509 DEBUG 15068 --- [main] c.tedu.mallserver.MallserverApplication  : Running with Spring Boot v2.3.7.RELEASE, Spring v5.2.12.RELEASE
2022-07-03 17:41:01.510  INFO 15068 --- [main] c.tedu.mallserver.MallserverApplication  : No active profile set, falling back to default profiles: default
2022-07-03 17:41:02.545  INFO 15068 --- [main] o.s.b.w.embedded.tomcat.TomcatWebServer  : Tomcat initialized with port(s): 9002 (http)
2022-07-03 17:41:02.555  INFO 15068 --- [main] o.apache.catalina.core.StandardService   : Starting service [Tomcat]
2022-07-03 17:41:02.555  INFO 15068 --- [main] org.apache.catalina.core.StandardEngine  : Starting Servlet engine: [Apache Tomcat/9.0.41]
2022-07-03 17:41:02.639  INFO 15068 --- [main] o.a.c.c.C.[Tomcat].[localhost].[/]       : Initializing Spring embedded WebApplicationContext
2022-07-03 17:41:02.639  INFO 15068 --- [main] w.s.c.ServletWebServerApplicationContext : Root WebApplicationContext: initialization completed in 1077 ms
2022-07-03 17:41:03.258  INFO 15068 --- [main] pertySourcedRequestMappingHandlerMapping : Mapped URL path [/v2/api-docs] onto method [springfox.documentation.swagger2.web.Swagger2ControllerWebMvc#getDocumentation(String, HttpServletRequest)]
2022-07-03 17:41:03.320  INFO 15068 --- [main] o.s.s.concurrent.ThreadPoolTaskExecutor  : Initializing ExecutorService 'applicationTaskExecutor'
2022-07-03 17:41:03.514  INFO 15068 --- [main] o.s.b.w.embedded.tomcat.TomcatWebServer  : Tomcat started on port(s): 9002 (http) with context path ''
2022-07-03 17:41:03.515  INFO 15068 --- [main] d.s.w.p.DocumentationPluginsBootstrapper : Documentation plugins bootstrapped
2022-07-03 17:41:03.518  INFO 15068 --- [main] d.s.w.p.DocumentationPluginsBootstrapper : Found 1 custom documentation plugin(s)
2022-07-03 17:41:03.539  INFO 15068 --- [main] s.d.s.w.s.ApiListingReferenceScanner     : Scanning for api listing references
2022-07-03 17:41:03.698  INFO 15068 --- [main] c.tedu.mallserver.MallserverApplication  : Started MallserverApplication in 2.567 seconds (JVM running for 3.262)
2022-07-03 17:42:18.086  INFO 15068 --- [http-nio-9002-exec-1] o.a.c.c.C.[Tomcat].[localhost].[/]       : Initializing Spring DispatcherServlet 'dispatcherServlet'
2022-07-03 17:42:18.086  INFO 15068 --- [http-nio-9002-exec-1] o.s.web.servlet.DispatcherServlet        : Initializing Servlet 'dispatcherServlet'
2022-07-03 17:42:18.092  INFO 15068 --- [http-nio-9002-exec-1] o.s.web.servlet.DispatcherServlet        : Completed initialization in 6 ms
2022-07-03 17:42:42.537  INFO 15068 --- [http-nio-9002-exec-5] com.zaxxer.hikari.HikariDataSource       : HikariPool-1 - Starting...
2022-07-03 17:42:42.673  INFO 15068 --- [http-nio-9002-exec-5] com.zaxxer.hikari.HikariDataSource       : HikariPool-1 - Start completed.
2022-07-03 17:42:42.680 DEBUG 15068 --- [http-nio-9002-exec-5] c.t.mallserver.mapper.UserMapper.update  : ==>  Preparing: UPDATE user SET password=? WHERE (id = ? AND password = ?) 
2022-07-03 17:42:42.703 DEBUG 15068 --- [http-nio-9002-exec-5] c.t.mallserver.mapper.UserMapper.update  : ==> Parameters: 2(String), 1(Integer), 1(String)
2022-07-03 17:42:42.707 DEBUG 15068 --- [http-nio-9002-exec-5] c.t.mallserver.mapper.UserMapper.update  : <==    Updates: 0
2022-07-03 17:43:16.443 DEBUG 15068 --- [http-nio-9002-exec-6] c.t.mallserver.mapper.UserMapper.update  : ==>  Preparing: UPDATE user SET password=? WHERE (id = ? AND password = ?) 
2022-07-03 17:43:16.443 DEBUG 15068 --- [http-nio-9002-exec-6] c.t.mallserver.mapper.UserMapper.update  : ==> Parameters: 2(String), 1(Integer), a(String)
2022-07-03 17:43:16.445 DEBUG 15068 --- [http-nio-9002-exec-6] c.t.mallserver.mapper.UserMapper.update  : <==    Updates: 1
2022-07-03 17:43:56.530 DEBUG 15068 --- [http-nio-9002-exec-8] c.t.mallserver.mapper.UserMapper.update  : ==>  Preparing: UPDATE user SET password=? WHERE (id = ? AND password = ?) 
2022-07-03 17:43:56.530 DEBUG 15068 --- [http-nio-9002-exec-8] c.t.mallserver.mapper.UserMapper.update  : ==> Parameters: 2(String), 1(Integer), a(String)
2022-07-03 17:43:56.531 DEBUG 15068 --- [http-nio-9002-exec-8] c.t.mallserver.mapper.UserMapper.update  : <==    Updates: 0
2022-07-03 17:46:01.471 DEBUG 15068 --- [http-nio-9002-exec-10] c.t.mallserver.mapper.UserMapper.update  : ==>  Preparing: UPDATE user SET password=? WHERE (id = ? AND password = ?) 
2022-07-03 17:46:01.472 DEBUG 15068 --- [http-nio-9002-exec-10] c.t.mallserver.mapper.UserMapper.update  : ==> Parameters: test(String), 1(Integer), 2(String)
2022-07-03 17:46:01.473 DEBUG 15068 --- [http-nio-9002-exec-10] c.t.mallserver.mapper.UserMapper.update  : <==    Updates: 1
2022-07-03 17:59:55.733  INFO 15068 --- [SpringContextShutdownHook] o.s.s.concurrent.ThreadPoolTaskExecutor  : Shutting down ExecutorService 'applicationTaskExecutor'
2022-07-03 17:59:55.735  INFO 15068 --- [SpringContextShutdownHook] com.zaxxer.hikari.HikariDataSource       : HikariPool-1 - Shutdown initiated...
2022-07-03 17:59:55.741  INFO 15068 --- [SpringContextShutdownHook] com.zaxxer.hikari.HikariDataSource       : HikariPool-1 - Shutdown completed.
